[15:39:07.280][INFO][CraftTweaker-EarlyInit]: CraftTweaker is running on a Minecraft 1.20.1 production server modded with platform Forge
[15:39:07.289][INFO][CraftTweaker-EarlyInit]: Successfully injected RecipeFS file system
[15:39:07.335][INFO][CraftTweaker-Plugins]: Successfully identified and loaded plugin jeitweaker:common
[15:39:07.360][INFO][CraftTweaker-Plugins]: Successfully identified and loaded plugin crafttweaker:builtin
[15:39:07.362][INFO][CraftTweaker-Plugins]: Successfully identified and loaded plugin crafttweaker:builtin_forge
[15:39:07.366][INFO][CraftTweaker-Plugins]: Successfully identified and loaded plugin farmersdelight:crafttweaker_plugin
[15:39:07.398][INFO][JEITweaker]: Identified JeiTweaker plugin 'jeitweaker:forge': loading scheduled
[15:39:07.399][INFO][JEITweaker]: Identified JeiTweaker plugin 'jeitweaker:common': loading scheduled
[15:39:07.419][INFO][JEITweaker]: JEITweaker Environmental Check: the combination of mods [jei] is fully supported
[15:39:07.420][INFO][JEITweaker]: Running JeiTweaker plugin initialization
[15:39:07.441][INFO][JEITweaker]: JeiTweaker plugin initialization completed successfully
[15:39:08.489][INFO][CraftTweaker]: The following mods have explicit CraftTweaker support through the default plugin:
[15:39:08.490][INFO][CraftTweaker]: - 'aquaculture' at version '2.5.3'
[15:39:08.491][INFO][CraftTweaker]: - 'crafttweaker' at version '14.0.44'
[15:39:08.491][INFO][CraftTweaker]: - 'farmersdelight' at version '1.20.1-1.2.6'
[15:39:08.492][INFO][CraftTweaker]: - 'gateways' at version '4.2.6'
[15:39:08.492][INFO][CraftTweaker]: - 'jeitweaker' at version '8.0.6'
[15:39:20.014][INFO][CraftTweaker-ZenCode]: Started loading scripts for loader 'initialize'
[15:39:20.862][INFO][CraftTweaker-ZenCode]: Compiling and executing scripts
[15:39:20.940][INFO][CraftTweaker-ZenCode]: Successfully initialized modules [crafttweaker, expansions]
[15:39:21.118][INFO][CraftTweaker-ZenCode]: Execution for loader 'initialize' completed successfully
[15:39:32.952][INFO][CraftTweaker-ZenCode]: Started loading scripts for loader 'tags'
[15:39:33.022][INFO][CraftTweaker-ZenCode]: Compiling and executing scripts
[15:39:33.047][INFO][CraftTweaker-ZenCode]: Successfully initialized modules [crafttweaker, expansions]
[15:39:33.062][INFO][CraftTweaker-ZenCode]: Execution for loader 'tags' completed successfully
[15:39:35.842][INFO][CraftTweaker]: crafttweaker.reload.start
[15:39:35.847][INFO][CraftTweaker-ZenCode]: Started loading scripts for loader 'crafttweaker'
[15:39:35.887][INFO][CraftTweaker-ZenCode]: Compiling and executing scripts
[15:39:36.481][INFO][CraftTweaker-ZenCode]: Successfully initialized modules [mods, crafttweaker, expansions]
[15:39:36.483][INFO][CraftTweaker-ZenCode]: Loading file 'disabled.zs' with priority 0
[15:39:36.488][INFO][CraftTweaker-ZenCode]: Loading file 'hide_jei.zs' with priority 0
[15:39:36.572][INFO][CraftTweaker]: Removing 'crafting' recipes with output: '<item:alexsmobs:blood_sprayer>'
[15:39:36.585][INFO][CraftTweaker]: Removing 'crafting' recipes with output: '<item:alexsmobs:dimensional_carver>'
[15:39:36.592][INFO][CraftTweaker]: Removing 'crafting' recipes with output: '<item:alexsmobs:hemolymph_blaster>'
[15:39:36.600][INFO][CraftTweaker]: Removing 'crafting' recipes with output: '<item:alexsmobs:tendon_whip>'
[15:39:36.606][INFO][CraftTweaker]: Removing 'crafting' recipes with output: '<item:alexsmobs:transmutation_table>'
[15:39:36.610][INFO][CraftTweaker]: Removing 'crafting' recipes with output: '<item:aquamirae:maze_rose>'
[15:39:36.615][INFO][CraftTweaker]: Removing 'crafting' recipes with output: '<item:aquamirae:poisoned_blade>'
[15:39:36.620][INFO][CraftTweaker]: Removing 'crafting' recipes with output: '<item:aquamirae:poisoned_chakra>'
[15:39:36.625][INFO][CraftTweaker]: Removing 'crafting' recipes with output: '<item:aquamirae:terrible_sword>'
[15:39:36.629][INFO][CraftTweaker]: Removing 'crafting' recipes with output: '<item:bosses_of_mass_destruction:monolith_block>'
[15:39:36.633][INFO][CraftTweaker]: Removing 'crafting' recipes with output: '<item:bosses_of_mass_destruction:earthdive_spear>'
[15:39:36.636][INFO][CraftTweaker]: Removing 'crafting' recipes with output: '<item:bosses_of_mass_destruction:charged_ender_pearl>'
[15:39:36.640][INFO][CraftTweaker]: Removing 'crafting' recipes with output: '<item:bosses_of_mass_destruction:levitation_block>'
[15:39:36.644][INFO][CraftTweaker]: Removing 'crafting' recipes with output: '<item:bosses_of_mass_destruction:mob_ward>'
[15:39:36.647][INFO][CraftTweaker]: Removing 'crafting' recipes with output: '<item:born_in_chaos_v1:staffof_blindness>'
[15:39:36.649][INFO][CraftTweaker]: Removing 'crafting' recipes with output: '<item:born_in_chaos_v1:supreme_measure>'
[15:39:36.650][INFO][CraftTweaker]: Removing 'crafting' recipes with output: '<item:born_in_chaos_v1:stop_hammer>'
[15:39:36.651][INFO][CraftTweaker]: Removing 'crafting' recipes with output: '<item:born_in_chaos_v1:darkwarblade>'
[15:39:36.653][INFO][CraftTweaker]: Removing 'crafting' recipes with output: '<item:born_in_chaos_v1:nightmare_scythe>'
[15:39:36.654][INFO][CraftTweaker]: Removing 'crafting' recipes with output: '<item:born_in_chaos_v1:staff_of_magic_arrows>'
[15:39:36.655][INFO][CraftTweaker]: Removing 'crafting' recipes with output: '<item:born_in_chaos_v1:bonescaller_staff>'
[15:39:36.656][INFO][CraftTweaker]: Removing 'crafting' recipes with output: '<item:born_in_chaos_v1:death_totem>'
[15:39:36.658][INFO][CraftTweaker]: Removing 'crafting' recipes with output: '<item:born_in_chaos_v1:spider_bite_sword>'
[15:39:36.659][INFO][CraftTweaker]: Removing 'crafting' recipes with output: '<item:born_in_chaos_v1:hound_trap>'
[15:39:36.660][INFO][CraftTweaker]: Removing 'crafting' recipes with output: '<item:born_in_chaos_v1:spiny_shell_trap>'
[15:39:36.661][INFO][CraftTweaker]: Removing 'crafting' recipes with output: '<item:born_in_chaos_v1:damned_demomans_hat_helmet>'
[15:39:36.662][INFO][CraftTweaker]: Removing 'crafting' recipes with output: '<item:born_in_chaos_v1:missionary_hat_helmet>'
[15:39:36.663][INFO][CraftTweaker]: Removing 'crafting' recipes with output: '<item:born_in_chaos_v1:spiritual_guide_sombrero_helmet>'
[15:39:36.664][INFO][CraftTweaker]: Removing 'crafting' recipes with output: '<item:born_in_chaos_v1:lord_pumpkinheads_hat_helmet>'
[15:39:36.666][INFO][CraftTweaker]: Removing 'crafting' recipes with output: '<item:born_in_chaos_v1:pumpkinstaffa>'
[15:39:36.667][INFO][CraftTweaker]: Removing 'crafting' recipes with output: '<item:born_in_chaos_v1:pumpkinhandgun>'
[15:39:36.668][INFO][CraftTweaker]: Removing 'crafting' recipes with output: '<item:born_in_chaos_v1:pumpkin_bullet>'
[15:39:36.669][INFO][CraftTweaker]: Removing 'crafting' recipes with output: '<item:born_in_chaos_v1:phantom_bomb>'
[15:39:36.670][INFO][CraftTweaker]: Removing 'crafting' recipes with output: '<item:born_in_chaos_v1:stimulating_bomb>'
[15:39:36.671][INFO][CraftTweaker]: Removing 'crafting' recipes with output: '<item:born_in_chaos_v1:dark_atrium>'
[15:39:36.672][INFO][CraftTweaker]: Removing 'crafting' recipes with output: '<item:born_in_chaos_v1:spiritual_dust>'
[15:39:36.673][INFO][CraftTweaker]: Removing 'crafting' recipes with output: '<item:botania:terraform_rod>'
[15:39:36.674][INFO][CraftTweaker]: Removing 'crafting' recipes with output: '<item:botania:smelt_rod>'
[15:39:36.675][INFO][CraftTweaker]: Removing 'crafting' recipes with output: '<item:botania:gravity_rod>'
[15:39:36.676][INFO][CraftTweaker]: Removing 'crafting' recipes with output: '<item:botania:missile_rod>'
[15:39:36.678][INFO][CraftTweaker]: Removing 'crafting' recipes with output: '<item:botania:lens_mine>'
[15:39:36.679][INFO][CraftTweaker]: Removing 'crafting' recipes with output: '<item:botania:lens_damage>'
[15:39:36.680][INFO][CraftTweaker]: Removing 'crafting' recipes with output: '<item:botania:lens_piston>'
[15:39:36.681][INFO][CraftTweaker]: Removing 'crafting' recipes with output: '<item:botania:lens_explosive>'
[15:39:36.682][INFO][CraftTweaker]: Removing 'crafting' recipes with output: '<item:botania:loonium>'
[15:39:36.683][INFO][CraftTweaker]: Removing 'crafting' recipes with output: '<item:botania:floating_loonium>'
[15:39:36.684][INFO][CraftTweaker]: Removing 'crafting' recipes with output: '<item:botania:bellethorn>'
[15:39:36.685][INFO][CraftTweaker]: Removing 'crafting' recipes with output: '<item:botania:floating_bellethorn>'
[15:39:36.686][INFO][CraftTweaker]: Removing 'crafting' recipes with output: '<item:botania:bellethorn_chibi>'
[15:39:36.687][INFO][CraftTweaker]: Removing 'crafting' recipes with output: '<item:botania:rannuncarpus>'
[15:39:36.688][INFO][CraftTweaker]: Removing 'crafting' recipes with output: '<item:botania:floating_rannuncarpus>'
[15:39:36.689][INFO][CraftTweaker]: Removing 'crafting' recipes with output: '<item:botania:rannuncarpus_chibi>'
[15:39:36.691][INFO][CraftTweaker]: Removing 'crafting' recipes with output: '<item:botania:hyacidus>'
[15:39:36.692][INFO][CraftTweaker]: Removing 'crafting' recipes with output: '<item:botania:floating_hyacidus>'
[15:39:36.693][INFO][CraftTweaker]: Removing 'crafting' recipes with output: '<item:botania:mana_bomb>'
[15:39:36.694][INFO][CraftTweaker]: Removing 'crafting' recipes with output: '<item:botania:spawner_mover>'
[15:39:36.695][INFO][CraftTweaker]: Removing 'crafting' recipes with output: '<item:botania:spawner_claw>'
[15:39:36.696][INFO][CraftTweaker]: Removing 'crafting' recipes with output: '<item:botania:thunder_sword>'
[15:39:36.697][INFO][CraftTweaker]: Removing 'crafting' recipes with output: '<item:botania:laputa_shard>'
[15:39:36.698][INFO][CraftTweaker]: Removing 'crafting' recipes with output: '<item:botania:holy_cloak>'
[15:39:36.700][INFO][CraftTweaker]: Removing 'crafting' recipes with output: '<item:botania:unholy_cloak>'
[15:39:36.701][INFO][CraftTweaker]: Removing 'crafting' recipes with output: '<item:botania:balance_cloak>'
[15:39:36.702][INFO][CraftTweaker]: Removing 'crafting' recipes with output: '<item:botania:invisibility_cloak>'
[15:39:36.704][INFO][CraftTweaker]: Removing 'crafting' recipes with output: '<item:botania:magnet_ring>'
[15:39:36.705][INFO][CraftTweaker]: Removing 'crafting' recipes with output: '<item:botania:magnet_ring_greater>'
[15:39:36.706][INFO][CraftTweaker]: Removing 'crafting' recipes with output: '<item:botania:diva_charm>'
[15:39:36.707][INFO][CraftTweaker]: Removing 'crafting' recipes with output: '<item:botania:lens_weight>'
[15:39:36.708][INFO][CraftTweaker]: Removing 'crafting' recipes with output: '<item:botania:lens_fire>'
[15:39:36.709][INFO][CraftTweaker]: Removing 'crafting' recipes with output: '<item:botania:lens_paint>'
[15:39:36.711][INFO][CraftTweaker]: Removing 'crafting' recipes with output: '<item:botania:thorn_chakram>'
[15:39:36.712][INFO][CraftTweaker]: Removing 'crafting' recipes with output: '<item:botania:flare_chakram>'
[15:39:36.713][INFO][CraftTweaker]: Removing 'crafting' recipes with output: '<item:botania:pixie_ring>'
[15:39:36.714][INFO][CraftTweaker]: Removing 'crafting' recipes with output: '<item:botania:elementium_helmet>'
[15:39:36.715][INFO][CraftTweaker]: Removing 'crafting' recipes with output: '<item:botania:elementium_chestplate>'
[15:39:36.716][INFO][CraftTweaker]: Removing 'crafting' recipes with output: '<item:botania:elementium_leggings>'
[15:39:36.718][INFO][CraftTweaker]: Removing 'crafting' recipes with output: '<item:botania:elementium_boots>'
[15:39:36.719][INFO][CraftTweaker]: Removing 'crafting' recipes with output: '<item:botania:elementium_sword>'
[15:39:36.720][INFO][CraftTweaker]: Removing 'crafting' recipes with output: '<item:botania:blood_pendant>'
[15:39:36.721][INFO][CraftTweaker]: Removing 'crafting' recipes with output: '<item:botania:corporea_spark_master>'
[15:39:36.722][INFO][CraftTweaker]: Removing 'crafting' recipes with output: '<item:botania:corporea_spark>'
[15:39:36.723][INFO][CraftTweaker]: Removing 'crafting' recipes with output: '<item:botania:corporea_crystal_cube>'
[15:39:36.724][INFO][CraftTweaker]: Removing 'crafting' recipes with output: '<item:botania:corporea_funnel>'
[15:39:36.725][INFO][CraftTweaker]: Removing 'crafting' recipes with output: '<item:botania:corporea_index>'
[15:39:36.726][INFO][CraftTweaker]: Removing 'crafting' recipes with output: '<item:botania:corporea_interceptor>'
[15:39:36.727][INFO][CraftTweaker]: Removing 'crafting' recipes with output: '<item:botania:corporea_retainer>'
[15:39:36.729][INFO][CraftTweaker]: Removing 'crafting' recipes with output: '<item:botania:terra_sword>'
[15:39:36.730][INFO][CraftTweaker]: Removing 'crafting' recipes with output: '<item:constructionwand:core_destruction>'
[15:39:36.731][INFO][CraftTweaker]: Removing 'crafting' recipes with output: '<item:constructionwand:infinity_wand>'
[15:39:36.732][INFO][CraftTweaker]: Removing 'crafting' recipes with output: '<item:deeperdarker:warden_leggings>'
[15:39:36.733][INFO][CraftTweaker]: Removing 'crafting' recipes with output: '<item:doggytalents:golden_a_five_wagyu>'
[15:39:36.734][INFO][CraftTweaker]: Removing 'crafting' recipes with output: '<item:doggytalents:sussy_sickle>'
[15:39:36.735][INFO][CraftTweaker]: Removing 'crafting' recipes with output: '<item:lightmanscurrency:coinmint>'
[15:39:36.737][INFO][CraftTweaker]: Removing 'crafting' recipes with output: '<item:lightmanscurrency:speed_upgrade_1>'
[15:39:36.738][INFO][CraftTweaker]: Removing 'crafting' recipes with output: '<item:lightmanscurrency:speed_upgrade_2>'
[15:39:36.739][INFO][CraftTweaker]: Removing 'crafting' recipes with output: '<item:lightmanscurrency:speed_upgrade_3>'
[15:39:36.740][INFO][CraftTweaker]: Removing 'crafting' recipes with output: '<item:lightmanscurrency:speed_upgrade_4>'
[15:39:36.741][INFO][CraftTweaker]: Removing 'crafting' recipes with output: '<item:lightmanscurrency:speed_upgrade_5>'
[15:39:36.742][INFO][CraftTweaker]: Removing 'crafting' recipes with output: '<item:mmorpg:potions/full_reset_passive>'
[15:39:36.744][INFO][CraftTweaker]: Removing 'crafting' recipes with output: '<item:mmorpg:potions/full_reset_spell>'
[15:39:36.745][INFO][CraftTweaker]: Removing 'crafting' recipes with output: '<item:mmorpg:potions/full_reset_ascendancy>'
[15:39:36.746][INFO][CraftTweaker]: Removing 'crafting' recipes with output: '<item:mmorpg:potions/full_reset_talent>'
[15:39:36.747][INFO][CraftTweaker]: Removing 'crafting' recipes with output: '<item:mmorpg:potions/full_reset_stat>'
[15:39:36.748][INFO][CraftTweaker]: Removing 'crafting' recipes with output: '<item:mmorpg:potions/reset_points_passive>'
[15:39:36.749][INFO][CraftTweaker]: Removing 'crafting' recipes with output: '<item:mmorpg:potions/reset_points_spell>'
[15:39:36.750][INFO][CraftTweaker]: Removing 'crafting' recipes with output: '<item:mmorpg:potions/reset_points_ascendancy>'
[15:39:36.751][INFO][CraftTweaker]: Removing 'crafting' recipes with output: '<item:mmorpg:potions/reset_points_talent>'
[15:39:36.752][INFO][CraftTweaker]: Removing 'crafting' recipes with output: '<item:mmorpg:potions/reset_points_stat>'
[15:39:36.752][INFO][CraftTweaker]: Removing 'crafting' recipes with output: '<item:monsterplus:ancient_crystal>'
[15:39:36.753][INFO][CraftTweaker]: Removing 'crafting' recipes with output: '<item:monsterplus:crystal_arrow>'
[15:39:36.754][INFO][CraftTweaker]: Removing 'crafting' recipes with output: '<item:monsterplus:crystal_boots>'
[15:39:36.755][INFO][CraftTweaker]: Removing 'crafting' recipes with output: '<item:monsterplus:crystal_chestplate>'
[15:39:36.756][INFO][CraftTweaker]: Removing 'crafting' recipes with output: '<item:monsterplus:crystal_clump>'
[15:39:36.757][INFO][CraftTweaker]: Removing 'crafting' recipes with output: '<item:monsterplus:crystal_helmet>'
[15:39:36.757][INFO][CraftTweaker]: Removing 'crafting' recipes with output: '<item:monsterplus:crystal_leggings>'
[15:39:36.758][INFO][CraftTweaker]: Removing 'crafting' recipes with output: '<item:monsterplus:crystal_sword>'
[15:39:36.759][INFO][CraftTweaker]: Removing 'crafting' recipes with output: '<item:mowziesmobs:blowgun>'
[15:39:36.760][INFO][CraftTweaker]: Removing 'crafting' recipes with output: '<item:mowziesmobs:dart>'
[15:39:36.761][INFO][CraftTweaker]: Removing 'crafting' recipes with output: '<item:mutantmonsters:mutant_skeleton_chestplate>'
[15:39:36.762][INFO][CraftTweaker]: Removing 'crafting' recipes with output: '<item:mutantmonsters:mutant_skeleton_leggings>'
[15:39:36.762][INFO][CraftTweaker]: Removing 'crafting' recipes with output: '<item:mutantmonsters:mutant_skeleton_boots>'
[15:39:36.763][INFO][CraftTweaker]: Removing 'crafting' recipes with output: '<item:simplehats:hatbag_common>'
[15:39:36.764][INFO][CraftTweaker]: Removing 'crafting' recipes with output: '<item:simplehats:hatbag_easter>'
[15:39:36.765][INFO][CraftTweaker]: Removing 'crafting' recipes with output: '<item:simplehats:hatbag_festive>'
[15:39:36.766][INFO][CraftTweaker]: Removing 'crafting' recipes with output: '<item:simplehats:hatbag_halloween>'
[15:39:36.766][INFO][CraftTweaker]: Removing 'crafting' recipes with output: '<item:simplehats:hatbag_rare>'
[15:39:36.767][INFO][CraftTweaker]: Removing 'crafting' recipes with output: '<item:simplehats:hatbag_summer>'
[15:39:36.768][INFO][CraftTweaker]: Removing 'crafting' recipes with output: '<item:simplehats:hatbag_uncommon>'
[15:39:36.769][INFO][CraftTweaker]: Removing 'crafting' recipes with output: '<item:sophisticatedbackpacks:advanced_magnet_upgrade>'
[15:39:36.770][INFO][CraftTweaker]: Removing 'crafting' recipes with output: '<item:sophisticatedbackpacks:inception_upgrade>'
[15:39:36.770][INFO][CraftTweaker]: Removing 'crafting' recipes with output: '<item:sophisticatedbackpacks:magnet_upgrade>'
[15:39:36.771][INFO][CraftTweaker]: Removing 'crafting' recipes with output: '<item:supplementaries:cannon>'
[15:39:36.772][INFO][CraftTweaker]: Removing 'crafting' recipes with output: '<item:twilightforest:twilight_scepter>'
[15:39:36.773][INFO][CraftTweaker]: Removing 'crafting' recipes with output: '<item:twilightforest:lifedrain_scepter>'
[15:39:36.774][INFO][CraftTweaker]: Removing 'crafting' recipes with output: '<item:twilightforest:zombie_scepter>'
[15:39:36.774][INFO][CraftTweaker]: Removing 'crafting' recipes with output: '<item:twilightforest:fortification_scepter>'
[15:39:36.775][INFO][CraftTweaker]: Removing 'crafting' recipes with output: '<item:waystones:mossy_waystone>'
[15:39:36.776][INFO][CraftTweaker]: Removing 'crafting' recipes with output: '<item:waystones:waystone>'
[15:39:36.777][INFO][CraftTweaker]: Removing 'crafting' recipes with output: '<item:wstweaks:blaze_blade>'
[15:39:36.778][INFO][CraftTweaker]: Removing 'crafting' recipes with output: '<item:wstweaks:lava_blade>'
[15:39:36.800][INFO][CraftTweaker-ZenCode]: Execution for loader 'crafttweaker' completed successfully
[15:39:36.803][INFO][CraftTweaker]: crafttweaker.reload.complete
[15:39:36.803][INFO][CraftTweaker]: This reload was made possible by Jordan Pineo and more! Become a patron at https://patreon.com/jaredlll08?s=crtmod
